# Reading pref.tcl
# do run.do
# INFO: Simulation library presynth already exists
# Model Technology ModelSim Microsemi Pro vmap 2021.3 Lib Mapping Utility 2021.07 Jul 14 2021
# vmap presynth presynth 
# Modifying modelsim.ini
# Model Technology ModelSim Microsemi Pro vmap 2021.3 Lib Mapping Utility 2021.07 Jul 14 2021
# vmap SmartFusion2 C:/Microsemi/Libero_SoC_v2022.1/Designer/lib/modelsimpro/precompiled/vlog/SmartFusion2 
# Modifying modelsim.ini
# INFO: Simulation library COREAPB3_LIB already exists
# Model Technology ModelSim Microsemi Pro vmap 2021.3 Lib Mapping Utility 2021.07 Jul 14 2021
# vmap COREAPB3_LIB COREAPB3_LIB 
# Modifying modelsim.ini
# Model Technology ModelSim Microsemi Pro vlog 2021.3 Compiler 2021.07 Jul 14 2021
# Start time: 13:50:50 on Jul 28,2023
# vlog -reportprogress 300 "+incdir+C:/Users/Nathan/Desktop/UADL/Internship/Acromax/NAND-Flash-Controller/Project/hdl" -vlog01compat -work presynth C:/Users/Nathan/Desktop/UADL/Internship/Acromax/NAND-Flash-Controller/Project/hdl/FSM.v 
# -- Compiling module fsm
# 
# Top level modules:
# 	fsm
# End time: 13:50:50 on Jul 28,2023, Elapsed time: 0:00:00
# Errors: 0, Warnings: 0
# Model Technology ModelSim Microsemi Pro vlog 2021.3 Compiler 2021.07 Jul 14 2021
# Start time: 13:50:50 on Jul 28,2023
# vlog -reportprogress 300 "+incdir+C:/Users/Nathan/Desktop/UADL/Internship/Acromax/NAND-Flash-Controller/Project/hdl" "+incdir+C:/Users/Nathan/Desktop/UADL/Internship/Acromax/NAND-Flash-Controller/Project/stimulus" -vlog01compat -work presynth C:/Users/Nathan/Desktop/UADL/Internship/Acromax/NAND-Flash-Controller/Project/stimulus/FSM_tb.v 
# -- Compiling module FSM_tb
# 
# Top level modules:
# 	FSM_tb
# End time: 13:50:50 on Jul 28,2023, Elapsed time: 0:00:00
# Errors: 0, Warnings: 0
# vsim -L SmartFusion2 -L presynth -L COREAPB3_LIB -t 1fs presynth.FSM_tb 
# Start time: 13:50:50 on Jul 28,2023
# //  ModelSim Microsemi Pro 2021.3 Jul 14 2021
# //
# //  Copyright 1991-2021 Mentor Graphics Corporation
# //  All Rights Reserved.
# //
# //  ModelSim Microsemi Pro and its associated documentation contain trade
# //  secrets and commercial or financial information that are the property of
# //  Mentor Graphics Corporation and are privileged, confidential,
# //  and exempt from disclosure under the Freedom of Information Act,
# //  5 U.S.C. Section 552. Furthermore, this information
# //  is prohibited from disclosure under the Trade Secrets Act,
# //  18 U.S.C. Section 1905.
# //
# Loading presynth.FSM_tb
# Loading presynth.fsm
# ** Warning: (vsim-WLF-5000) WLF file currently in use: vsim.wlf
#           File in use by: Nathan  Hostname: DESKTOP-UG9O3NH  ProcessID: 21104
#           Attempting to use alternate WLF file "./wlftxtsx8z".
# ** Warning: (vsim-WLF-5001) Could not open WLF file: vsim.wlf
#           Using alternate file: ./wlftxtsx8z
restart
# ** Note: (vsim-12125) Error and warning message counts have been reset to '0' because of 'restart'.
run  100 ns
run run.do
# Invalid time value: run.do
do run.do
# INFO: Simulation library presynth already exists
# Model Technology ModelSim Microsemi Pro vmap 2021.3 Lib Mapping Utility 2021.07 Jul 14 2021
# vmap presynth presynth 
# Modifying modelsim.ini
# Model Technology ModelSim Microsemi Pro vmap 2021.3 Lib Mapping Utility 2021.07 Jul 14 2021
# vmap SmartFusion2 C:/Microsemi/Libero_SoC_v2022.1/Designer/lib/modelsimpro/precompiled/vlog/SmartFusion2 
# Modifying modelsim.ini
# INFO: Simulation library COREAPB3_LIB already exists
# Model Technology ModelSim Microsemi Pro vmap 2021.3 Lib Mapping Utility 2021.07 Jul 14 2021
# vmap COREAPB3_LIB COREAPB3_LIB 
# Modifying modelsim.ini
# Model Technology ModelSim Microsemi Pro vlog 2021.3 Compiler 2021.07 Jul 14 2021
# Start time: 14:10:04 on Jul 28,2023
# vlog -reportprogress 300 "+incdir+C:/Users/Nathan/Desktop/UADL/Internship/Acromax/NAND-Flash-Controller/Project/hdl" -vlog01compat -work presynth C:/Users/Nathan/Desktop/UADL/Internship/Acromax/NAND-Flash-Controller/Project/hdl/FSM.v 
# -- Compiling module fsm
# 
# Top level modules:
# 	fsm
# End time: 14:10:04 on Jul 28,2023, Elapsed time: 0:00:00
# Errors: 0, Warnings: 0
# Model Technology ModelSim Microsemi Pro vlog 2021.3 Compiler 2021.07 Jul 14 2021
# Start time: 14:10:04 on Jul 28,2023
# vlog -reportprogress 300 "+incdir+C:/Users/Nathan/Desktop/UADL/Internship/Acromax/NAND-Flash-Controller/Project/hdl" "+incdir+C:/Users/Nathan/Desktop/UADL/Internship/Acromax/NAND-Flash-Controller/Project/stimulus" -vlog01compat -work presynth C:/Users/Nathan/Desktop/UADL/Internship/Acromax/NAND-Flash-Controller/Project/stimulus/FSM_tb.v 
# -- Compiling module FSM_tb
# 
# Top level modules:
# 	FSM_tb
# End time: 14:10:04 on Jul 28,2023, Elapsed time: 0:00:00
# Errors: 0, Warnings: 0
# End time: 14:10:04 on Jul 28,2023, Elapsed time: 0:19:14
# Errors: 0, Warnings: 0
# vsim -L SmartFusion2 -L presynth -L COREAPB3_LIB -t 1fs presynth.FSM_tb 
# Start time: 14:10:04 on Jul 28,2023
# Loading presynth.FSM_tb
# Loading presynth.fsm
# ** Warning: (vsim-WLF-5000) WLF file currently in use: vsim.wlf
#           File in use by: Nathan  Hostname: DESKTOP-UG9O3NH  ProcessID: 21104
#           Attempting to use alternate WLF file "./wlftjemyxz".
# ** Warning: (vsim-WLF-5001) Could not open WLF file: vsim.wlf
#           Using alternate file: ./wlftjemyxz
do run.do
# INFO: Simulation library presynth already exists
# Model Technology ModelSim Microsemi Pro vmap 2021.3 Lib Mapping Utility 2021.07 Jul 14 2021
# vmap presynth presynth 
# Modifying modelsim.ini
# Model Technology ModelSim Microsemi Pro vmap 2021.3 Lib Mapping Utility 2021.07 Jul 14 2021
# vmap SmartFusion2 C:/Microsemi/Libero_SoC_v2022.1/Designer/lib/modelsimpro/precompiled/vlog/SmartFusion2 
# Modifying modelsim.ini
# INFO: Simulation library COREAPB3_LIB already exists
# Model Technology ModelSim Microsemi Pro vmap 2021.3 Lib Mapping Utility 2021.07 Jul 14 2021
# vmap COREAPB3_LIB COREAPB3_LIB 
# Modifying modelsim.ini
# Model Technology ModelSim Microsemi Pro vlog 2021.3 Compiler 2021.07 Jul 14 2021
# Start time: 14:11:44 on Jul 28,2023
# vlog -reportprogress 300 "+incdir+C:/Users/Nathan/Desktop/UADL/Internship/Acromax/NAND-Flash-Controller/Project/hdl" -vlog01compat -work presynth C:/Users/Nathan/Desktop/UADL/Internship/Acromax/NAND-Flash-Controller/Project/hdl/FSM.v 
# -- Compiling module fsm
# 
# Top level modules:
# 	fsm
# End time: 14:11:44 on Jul 28,2023, Elapsed time: 0:00:00
# Errors: 0, Warnings: 0
# Model Technology ModelSim Microsemi Pro vlog 2021.3 Compiler 2021.07 Jul 14 2021
# Start time: 14:11:44 on Jul 28,2023
# vlog -reportprogress 300 "+incdir+C:/Users/Nathan/Desktop/UADL/Internship/Acromax/NAND-Flash-Controller/Project/hdl" "+incdir+C:/Users/Nathan/Desktop/UADL/Internship/Acromax/NAND-Flash-Controller/Project/stimulus" -vlog01compat -work presynth C:/Users/Nathan/Desktop/UADL/Internship/Acromax/NAND-Flash-Controller/Project/stimulus/FSM_tb.v 
# -- Compiling module FSM_tb
# 
# Top level modules:
# 	FSM_tb
# End time: 14:11:44 on Jul 28,2023, Elapsed time: 0:00:00
# Errors: 0, Warnings: 0
# End time: 14:11:45 on Jul 28,2023, Elapsed time: 0:01:41
# Errors: 0, Warnings: 2
# vsim -L SmartFusion2 -L presynth -L COREAPB3_LIB -t 1fs presynth.FSM_tb 
# Start time: 14:11:45 on Jul 28,2023
# Loading presynth.FSM_tb
# Loading presynth.fsm
# ** Warning: (vsim-WLF-5000) WLF file currently in use: vsim.wlf
#           File in use by: Nathan  Hostname: DESKTOP-UG9O3NH  ProcessID: 21104
#           Attempting to use alternate WLF file "./wlft3tgtiw".
# ** Warning: (vsim-WLF-5001) Could not open WLF file: vsim.wlf
#           Using alternate file: ./wlft3tgtiw
restart
# ** Note: (vsim-12125) Error and warning message counts have been reset to '0' because of 'restart'.
add wave -position end  sim:/FSM_tb/fsm_0/i_state
add wave -position end  sim:/FSM_tb/fsm_0/i_next_state
run 1 us
